<?xml version="1.0" encoding="UTF-8"?>
<testsuite xmlns:xsi="http://www.w3.org/2001/XMLSchema-instance" xsi:noNamespaceSchemaLocation="https://maven.apache.org/surefire/maven-surefire-plugin/xsd/surefire-test-report-3.0.xsd" version="3.0" name="com.codecraftwithkevin.account_deletion_requests.AccountDeletionRequestsApplicationTests" time="6.102" tests="1" errors="0" skipped="0" failures="0">
  <properties>
[...]
</properties>
  <testcase name="contextLoads" classname="com.codecraftwithkevin.account_deletion_requests.AccountDeletionRequestsApplicationTests" time="1.098">
    <system-out><![CDATA[23:17:30.175 [main] INFO org.springframework.test.context.support.AnnotationConfigContextLoaderUtils -- Could not detect default configuration classes for test class [com.codecraftwithkevin.account_deletion_requests.AccountDeletionRequestsApplicationTests]: AccountDeletionRequestsApplicationTests does not declare any static, non-private, non-final, nested classes annotated with @Configuration.
23:17:30.536 [main] INFO org.springframework.boot.test.context.SpringBootTestContextBootstrapper -- Found @SpringBootConfiguration com.codecraftwithkevin.account_deletion_requests.AccountDeletionRequestsApplication for test class com.codecraftwithkevin.account_deletion_requests.AccountDeletionRequestsApplicationTests

  .   ____          _            __ _ _
 /\\ / ___'_ __ _ _(_)_ __  __ _ \ \ \ \
( ( )\___ | '_ | '_| | '_ \/ _` | \ \ \ \
 \\/  ___)| |_)| | | | | || (_| |  ) ) ) )
  '  |____| .__|_| |_|_| |_\__, | / / / /
 =========|_|==============|___/=/_/_/_/

 :: Spring Boot ::                (v3.3.2)

2024-08-16T23:17:31.196+03:00  INFO 73148 --- [account-deletion-requests] [           main] .AccountDeletionRequestsApplicationTests : Starting AccountDeletionRequestsApplicationTests using Java 21.0.2 with PID 73148 (started by kevin in /Users/kevin/Documents/program/account-deletion-requests)
2024-08-16T23:17:31.198+03:00  INFO 73148 --- [account-deletion-requests] [           main] .AccountDeletionRequestsApplicationTests : No active profile set, falling back to 1 default profile: "default"
2024-08-16T23:17:32.455+03:00  INFO 73148 --- [account-deletion-requests] [           main] .s.d.r.c.RepositoryConfigurationDelegate : Multiple Spring Data modules found, entering strict repository configuration mode
2024-08-16T23:17:32.458+03:00  INFO 73148 --- [account-deletion-requests] [           main] .s.d.r.c.RepositoryConfigurationDelegate : Bootstrapping Spring Data Redis repositories in DEFAULT mode.
2024-08-16T23:17:32.497+03:00  INFO 73148 --- [account-deletion-requests] [           main] .s.d.r.c.RepositoryConfigurationDelegate : Finished Spring Data repository scanning in 23 ms. Found 0 Redis repository interfaces.
2024-08-16T23:17:34.748+03:00  INFO 73148 --- [account-deletion-requests] [           main] .AccountDeletionRequestsApplicationTests : Started AccountDeletionRequestsApplicationTests in 4.02 seconds (process running for 6.07)
]]></system-out>
    <system-err><![CDATA[WARNING: A Java agent has been loaded dynamically (/Users/kevin/.m2/repository/net/bytebuddy/byte-buddy-agent/1.14.18/byte-buddy-agent-1.14.18.jar)
WARNING: If a serviceability tool is in use, please run with -XX:+EnableDynamicAgentLoading to hide this warning
WARNING: If a serviceability tool is not in use, please run with -Djdk.instrument.traceUsage for more information
WARNING: Dynamic loading of agents will be disallowed by default in a future release
]]></system-err>
  </testcase>
</testsuite>